mpicc -o numatest_mpi test3.c numatest_mpi_np.c numatest_mpi.h -O2 -fopenmp  -DLIKWID_PERFMON -lnuma -lm -L/usr/local/lib -I/usr/local/include -llikwid
mpicc -o numatest_mpi test3.c numatest_mpi_np.c numatest_mpi.h -O2 -fopenmp  -DLIKWID_PERFMON -lnuma -lm -L/usr/local/lib -I/usr/local/include -llikwid
mpicc -o numatest_mpi test3.c numatest_mpi_np.c numatest_mpi.h -O2 -fopenmp  -DLIKWID_PERFMON -lnuma -lm -L/usr/local/lib -I/usr/local/include -llikwid
mpicc -o numatest_mpi test3.c numatest_mpi_np.c numatest_mpi.h -O2 -fopenmp  -DLIKWID_PERFMON -lnuma -lm -L/usr/local/lib -I/usr/local/include -llikwid
mpicc -o numatest_mpi test3.c numatest_mpi_np.c numatest_mpi.h -O2 -fopenmp  -DLIKWID_PERFMON -lnuma -lm -L/usr/local/lib -I/usr/local/include -llikwid
mpicc -o numatest_mpi test3.c numatest_mpi_np.c numatest_mpi.h -O2 -fopenmp  -DLIKWID_PERFMON -lnuma -lm -L/usr/local/lib -I/usr/local/include -llikwid
mpicc -o numatest_mpi test3.c numatest_mpi_np.c numatest_mpi.h -O2 -fopenmp  -DLIKWID_PERFMON -lnuma -lm -L/usr/local/lib -I/usr/local/include -llikwid
mpicc -o numatest_mpi test3.c numatest_mpi_np.c numatest_mpi.h -O2 -fopenmp  -DLIKWID_PERFMON -lnuma -lm -L/usr/local/lib -I/usr/local/include -llikwid
mpicc -o numatest_mpi test3.c numatest_mpi_np.c numatest_mpi.h -O2 -fopenmp  -DLIKWID_PERFMON -lnuma -lm -L/usr/local/lib -I/usr/local/include -llikwid
mpicc -o numatest_mpi test3.c numatest_mpi_np.c numatest_mpi.h -O2 -fopenmp  -DLIKWID_PERFMON -lnuma -lm -L/usr/local/lib -I/usr/local/include -llikwid
mpicc -o numatest_mpi test3.c numatest_mpi_np.c numatest_mpi.h -O2 -fopenmp  -DLIKWID_PERFMON -lnuma -lm -L/usr/local/lib -I/usr/local/include -llikwid
mpicc -o numatest_mpi test3.c numatest_mpi_np.c numatest_mpi.h -O2 -fopenmp  -DLIKWID_PERFMON -lnuma -lm -L/usr/local/lib -I/usr/local/include -llikwid
mpicc -o numatest_mpi test3.c numatest_mpi_np.c numatest_mpi.h -O2 -fopenmp  -DLIKWID_PERFMON -lnuma -lm -L/usr/local/lib -I/usr/local/include -llikwid
mpicc -o numatest_mpi test3.c numatest_mpi_np.c numatest_mpi.h -O2 -fopenmp  -DLIKWID_PERFMON -lnuma -lm -L/usr/local/lib -I/usr/local/include -llikwid
mpicc -o numatest_mpi test3.c numatest_mpi_np.c numatest_mpi.h -O2 -fopenmp -lnuma -lm
rm: cannot remove ‘numatest_mpi’: No such file or directory
mpicc -o numatest_mpi test3.c numatest_mpi_np.c numatest_mpi.h -O3 -fprefetch-loop-arrays -fopenmp -lnuma -lm
numatest_mpi_np.c: In function ‘numatest’:
numatest_mpi_np.c:63:12: warning: implicit declaration of function ‘omp_get_num_threads’ [-Wimplicit-function-declaration]
   63 |     numt = omp_get_num_threads();
      |            ^~~~~~~~~~~~~~~~~~~
rm: cannot remove ‘numatest_mpi’: No such file or directory
mpicc -o numatest_mpi test3.c numatest_mpi_np.c numatest_mpi.h -O3 -fprefetch-loop-arrays -fopenmp -lnuma -lm
numatest_mpi_np.c: In function ‘numatest’:
numatest_mpi_np.c:63:12: warning: implicit declaration of function ‘omp_get_num_threads’ [-Wimplicit-function-declaration]
   63 |     numt = omp_get_num_threads();
      |            ^~~~~~~~~~~~~~~~~~~
rm: cannot remove ‘numatest_mpi’: No such file or directory
mpicc -o numatest_mpi test3.c numatest_mpi_np.c numatest_mpi.h -O3 -fprefetch-loop-arrays -fopenmp -lnuma -lm
numatest_mpi_np.c: In function ‘numatest’:
numatest_mpi_np.c:63:12: warning: implicit declaration of function ‘omp_get_num_threads’ [-Wimplicit-function-declaration]
   63 |     numt = omp_get_num_threads();
      |            ^~~~~~~~~~~~~~~~~~~
rm: cannot remove ‘numatest_mpi’: No such file or directory
mpicc -o numatest_mpi test3.c numatest_mpi_np.c numatest_mpi.h -O3 -fprefetch-loop-arrays -fopenmp -lnuma -lm
numatest_mpi_np.c: In function ‘numatest’:
numatest_mpi_np.c:63:12: warning: implicit declaration of function ‘omp_get_num_threads’ [-Wimplicit-function-declaration]
   63 |     numt = omp_get_num_threads();
      |            ^~~~~~~~~~~~~~~~~~~
rm: cannot remove ‘numatest_mpi’: No such file or directory
mpicc -o numatest_mpi test3.c numatest_mpi_np.c numatest_mpi.h -O3 -fprefetch-loop-arrays -fopenmp -lnuma -lm
numatest_mpi_np.c: In function ‘numatest’:
numatest_mpi_np.c:63:12: warning: implicit declaration of function ‘omp_get_num_threads’ [-Wimplicit-function-declaration]
   63 |     numt = omp_get_num_threads();
      |            ^~~~~~~~~~~~~~~~~~~
rm: cannot remove ‘numatest_mpi’: No such file or directory
mpicc -o numatest_mpi test3.c numatest_mpi_np.c numatest_mpi.h -O3 -fprefetch-loop-arrays -fopenmp -lnuma -lm
numatest_mpi_np.c: In function ‘numatest’:
numatest_mpi_np.c:63:12: warning: implicit declaration of function ‘omp_get_num_threads’ [-Wimplicit-function-declaration]
   63 |     numt = omp_get_num_threads();
      |            ^~~~~~~~~~~~~~~~~~~
rm: cannot remove ‘numatest_mpi’: No such file or directory
mpicc -o numatest_mpi test3.c numatest_mpi_np.c numatest_mpi.h -O3 -fprefetch-loop-arrays -fopenmp -lnuma -lm
numatest_mpi_np.c: In function ‘numatest’:
numatest_mpi_np.c:63:12: warning: implicit declaration of function ‘omp_get_num_threads’ [-Wimplicit-function-declaration]
   63 |     numt = omp_get_num_threads();
      |            ^~~~~~~~~~~~~~~~~~~
mpicc -o numatest_mpi test3.c numatest_mpi_np.c numatest_mpi.h -O3 -fprefetch-loop-arrays -fopenmp -lnuma -lm
numatest_mpi_np.c: In function ‘numatest’:
numatest_mpi_np.c:63:12: warning: implicit declaration of function ‘omp_get_num_threads’ [-Wimplicit-function-declaration]
   63 |     numt = omp_get_num_threads();
      |            ^~~~~~~~~~~~~~~~~~~
mpicc -o numatest_mpi test3.c numatest_mpi_np.c numatest_mpi.h -O3 -fprefetch-loop-arrays -fopenmp -lnuma -lm
numatest_mpi_np.c: In function ‘numatest’:
numatest_mpi_np.c:63:12: warning: implicit declaration of function ‘omp_get_num_threads’ [-Wimplicit-function-declaration]
   63 |     numt = omp_get_num_threads();
      |            ^~~~~~~~~~~~~~~~~~~
mpicc -o numatest_mpi test3.c numatest_mpi_np.c numatest_mpi.h -O3 -fprefetch-loop-arrays -fopenmp -lnuma -lm
numatest_mpi_np.c: In function ‘numatest’:
numatest_mpi_np.c:63:12: warning: implicit declaration of function ‘omp_get_num_threads’ [-Wimplicit-function-declaration]
   63 |     numt = omp_get_num_threads();
      |            ^~~~~~~~~~~~~~~~~~~
mpicc -o numatest_mpi test3.c numatest_mpi_np.c numatest_mpi.h -O3 -fprefetch-loop-arrays -fopenmp -lnuma -lm
numatest_mpi_np.c: In function ‘numatest’:
numatest_mpi_np.c:63:12: warning: implicit declaration of function ‘omp_get_num_threads’ [-Wimplicit-function-declaration]
   63 |     numt = omp_get_num_threads();
      |            ^~~~~~~~~~~~~~~~~~~
mpicc -o numatest_mpi test3.c numatest_mpi_np.c numatest_mpi.h -O3 -fprefetch-loop-arrays -fopenmp -lnuma -lm
numatest_mpi_np.c: In function ‘numatest’:
numatest_mpi_np.c:63:12: warning: implicit declaration of function ‘omp_get_num_threads’ [-Wimplicit-function-declaration]
   63 |     numt = omp_get_num_threads();
      |            ^~~~~~~~~~~~~~~~~~~
mpicc -o numatest_mpi test3.c numatest_mpi_np.c numatest_mpi.h -O3 -fprefetch-loop-arrays -fopenmp -lnuma -lm
numatest_mpi_np.c: In function ‘numatest’:
numatest_mpi_np.c:63:12: warning: implicit declaration of function ‘omp_get_num_threads’ [-Wimplicit-function-declaration]
   63 |     numt = omp_get_num_threads();
      |            ^~~~~~~~~~~~~~~~~~~
mpicc -o numatest_mpi test3.c numatest_mpi_np.c numatest_mpi.h -O3 -fprefetch-loop-arrays -fopenmp -lnuma -lm
numatest_mpi_np.c: In function ‘numatest’:
numatest_mpi_np.c:63:12: warning: implicit declaration of function ‘omp_get_num_threads’ [-Wimplicit-function-declaration]
   63 |     numt = omp_get_num_threads();
      |            ^~~~~~~~~~~~~~~~~~~
make: `numatest_mpi' is up to date.
